<?xml version="1.0" encoding="UTF-8"?>
<!-- Generated by org.testng.reporters.JUnitXMLReporter -->
<testsuite ignored="0" hostname="DESKTOP-6Q9GTRJ" failures="1" tests="3" name="TestingWithEdge" time="44.154" errors="0" timestamp="2025-01-15T21:54:48 IST">
  <testcase classname="SeleniumJavaAssignment.TestScenarios" name="simpleFormDemo" time="0.817"/>
  <testcase classname="SeleniumJavaAssignment.TestScenarios" name="sliderDemo" time="0.988"/>
  <testcase classname="SeleniumJavaAssignment.TestScenarios" name="fromDemo" time="0.367">
    <failure type="java.lang.AssertionError" message="expected [Please fill out this field.] but found [Please fill in this field.]">
      <![CDATA[java.lang.AssertionError: expected [Please fill out this field.] but found [Please fill in this field.]
at SeleniumJavaAssignment.TestScenarios.fromDemo(TestScenarios.java:65)
at java.base/java.util.ArrayList.forEach(ArrayList.java:1511)
at java.base/java.util.concurrent.FutureTask.run(FutureTask.java:264)
at java.base/java.util.concurrent.ThreadPoolExecutor.runWorker(ThreadPoolExecutor.java:1136)
at java.base/java.util.concurrent.ThreadPoolExecutor$Worker.run(ThreadPoolExecutor.java:635)
at java.base/java.lang.Thread.run(Thread.java:833)
... Removed 24 stack frames]]>
    </failure>
  </testcase> <!-- fromDemo -->
</testsuite> <!-- TestingWithEdge -->
